<?xml version="1.0" encoding="UTF-8"?>
<beans xmlns="http://www.springframework.org/schema/beans"
	xmlns:context="http://www.springframework.org/schema/context"
	xmlns:task="http://www.springframework.org/schema/task" xmlns:xsi="http://www.w3.org/2001/XMLSchema-instance"
	xsi:schemaLocation=" 
            http://www.springframework.org/schema/beans
            http://www.springframework.org/schema/beans/spring-beans.xsd
            http://www.springframework.org/schema/context
            http://www.springframework.org/schema/context/spring-context-4.1.xsd
            http://www.springframework.org/schema/task  
            http://www.springframework.org/schema/task/spring-task-4.1.xsd">

	<task:scheduler id="ext_task_group" pool-size="4"/>
	<task:scheduled-tasks scheduler="ext_task_group" >
		<task:scheduled ref="task-stockRanklist-ths" method="run" fixed-delay="86400000"/>
		<task:scheduled ref="task-stockDoctor-ths" method="run" fixed-delay="86400000"/>
		<task:scheduled ref="task-cmfb-tencent" method="run" fixed-delay="36000000"/>
		<task:scheduled ref="task-hugeChargeCrawler-ths" method="run" fixed-delay="86400000"/><!-- 完成 -->
		<task:scheduled ref="task-stockBaseInfo-ths" method="run" fixed-delay="86400000"/><!-- 完成 -->
		<task:scheduled ref="task-chageDetailCrawler-netease" method="run" fixed-delay="86400000"/>
	</task:scheduled-tasks>

	
	<bean id="task-cmfb-tencent" class="com.viki.stock.crawler.TencentCYQ"></bean>
	<bean id="task-stockBaseInfo-ths" class="com.viki.stock.crawler.THSStockBasicInfoCrawler" />
	<bean id="task-stockDoctor-ths" class="com.viki.stock.crawler.THSStockDoctorCrawler" />
	<bean id="task-hugeChargeCrawler-ths" class="com.viki.stock.crawler.THSHugeChargeCrawler" />
	<bean id="task-stockRanklist-ths" class="com.viki.stock.crawler.THSRanklist" />
	<bean id="task-chageDetailCrawler-netease" class="com.viki.stock.crawler.NetEaseChageDetailCrawler" />
</beans>
